0 info it worked if it ends with ok
1 verbose cli [ '/usr/bin/nodejs', '/usr/bin/npm', 'publish' ]
2 info using npm@1.3.10
3 info using node@v0.10.25
4 verbose publish [ '.' ]
5 verbose cache add [ '.', null ]
6 verbose cache add name=undefined spec="." args=[".",null]
7 verbose parsed url { protocol: null,
7 verbose parsed url   slashes: null,
7 verbose parsed url   auth: null,
7 verbose parsed url   host: null,
7 verbose parsed url   port: null,
7 verbose parsed url   hostname: null,
7 verbose parsed url   hash: null,
7 verbose parsed url   search: null,
7 verbose parsed url   query: null,
7 verbose parsed url   pathname: '.',
7 verbose parsed url   path: '.',
7 verbose parsed url   href: '.' }
8 silly lockFile 3a52ce78- .
9 verbose lock . /home/moolen/.npm/3a52ce78-.lock
10 verbose tar pack [ '/home/moolen/tmp/npm-4644-IzxiQ1wl/1416385615779-0.5104970261454582/tmp.tgz',
10 verbose tar pack   '.' ]
11 verbose tarball /home/moolen/tmp/npm-4644-IzxiQ1wl/1416385615779-0.5104970261454582/tmp.tgz
12 verbose folder .
13 silly lockFile 1f1177db-tar tar://.
14 verbose lock tar://. /home/moolen/.npm/1f1177db-tar.lock
15 silly lockFile e5a64dc1-15779-0-5104970261454582-tmp-tgz tar:///home/moolen/tmp/npm-4644-IzxiQ1wl/1416385615779-0.5104970261454582/tmp.tgz
16 verbose lock tar:///home/moolen/tmp/npm-4644-IzxiQ1wl/1416385615779-0.5104970261454582/tmp.tgz /home/moolen/.npm/e5a64dc1-15779-0-5104970261454582-tmp-tgz.lock
17 silly lockFile 1f1177db-tar tar://.
18 silly lockFile 1f1177db-tar tar://.
19 silly lockFile e5a64dc1-15779-0-5104970261454582-tmp-tgz tar:///home/moolen/tmp/npm-4644-IzxiQ1wl/1416385615779-0.5104970261454582/tmp.tgz
20 silly lockFile e5a64dc1-15779-0-5104970261454582-tmp-tgz tar:///home/moolen/tmp/npm-4644-IzxiQ1wl/1416385615779-0.5104970261454582/tmp.tgz
21 verbose tar unpack /home/moolen/tmp/npm-4644-IzxiQ1wl/1416385615779-0.5104970261454582/tmp.tgz
22 silly lockFile 837b0b1c-15779-0-5104970261454582-package tar:///home/moolen/tmp/npm-4644-IzxiQ1wl/1416385615779-0.5104970261454582/package
23 verbose lock tar:///home/moolen/tmp/npm-4644-IzxiQ1wl/1416385615779-0.5104970261454582/package /home/moolen/.npm/837b0b1c-15779-0-5104970261454582-package.lock
24 silly lockFile e5a64dc1-15779-0-5104970261454582-tmp-tgz tar:///home/moolen/tmp/npm-4644-IzxiQ1wl/1416385615779-0.5104970261454582/tmp.tgz
25 verbose lock tar:///home/moolen/tmp/npm-4644-IzxiQ1wl/1416385615779-0.5104970261454582/tmp.tgz /home/moolen/.npm/e5a64dc1-15779-0-5104970261454582-tmp-tgz.lock
26 silly gunzTarPerm modes [ '755', '644' ]
27 silly gunzTarPerm extractEntry package.json
28 silly gunzTarPerm modified mode [ 'package.json', 436, 420 ]
29 silly gunzTarPerm extractEntry .npmignore
30 silly gunzTarPerm modified mode [ '.npmignore', 436, 420 ]
31 silly gunzTarPerm extractEntry README.md
32 silly gunzTarPerm modified mode [ 'README.md', 436, 420 ]
33 silly gunzTarPerm extractEntry LICENSE.txt
34 silly gunzTarPerm modified mode [ 'LICENSE.txt', 436, 420 ]
35 silly gunzTarPerm extractEntry tasks/acf.js
36 silly gunzTarPerm modified mode [ 'tasks/acf.js', 436, 420 ]
37 silly gunzTarPerm extractEntry tasks/lib/routes.js
38 silly gunzTarPerm modified mode [ 'tasks/lib/routes.js', 436, 420 ]
39 silly lockFile 837b0b1c-15779-0-5104970261454582-package tar:///home/moolen/tmp/npm-4644-IzxiQ1wl/1416385615779-0.5104970261454582/package
40 silly lockFile 837b0b1c-15779-0-5104970261454582-package tar:///home/moolen/tmp/npm-4644-IzxiQ1wl/1416385615779-0.5104970261454582/package
41 silly lockFile e5a64dc1-15779-0-5104970261454582-tmp-tgz tar:///home/moolen/tmp/npm-4644-IzxiQ1wl/1416385615779-0.5104970261454582/tmp.tgz
42 silly lockFile e5a64dc1-15779-0-5104970261454582-tmp-tgz tar:///home/moolen/tmp/npm-4644-IzxiQ1wl/1416385615779-0.5104970261454582/tmp.tgz
43 verbose tar pack [ '/home/moolen/.npm/grunt-acf/0.1.4/package.tgz',
43 verbose tar pack   '/home/moolen/tmp/npm-4644-IzxiQ1wl/1416385615779-0.5104970261454582/package' ]
44 verbose tarball /home/moolen/.npm/grunt-acf/0.1.4/package.tgz
45 verbose folder /home/moolen/tmp/npm-4644-IzxiQ1wl/1416385615779-0.5104970261454582/package
46 silly lockFile 837b0b1c-15779-0-5104970261454582-package tar:///home/moolen/tmp/npm-4644-IzxiQ1wl/1416385615779-0.5104970261454582/package
47 verbose lock tar:///home/moolen/tmp/npm-4644-IzxiQ1wl/1416385615779-0.5104970261454582/package /home/moolen/.npm/837b0b1c-15779-0-5104970261454582-package.lock
48 silly lockFile 29ca3f95--npm-grunt-acf-0-1-4-package-tgz tar:///home/moolen/.npm/grunt-acf/0.1.4/package.tgz
49 verbose lock tar:///home/moolen/.npm/grunt-acf/0.1.4/package.tgz /home/moolen/.npm/29ca3f95--npm-grunt-acf-0-1-4-package-tgz.lock
50 silly lockFile 837b0b1c-15779-0-5104970261454582-package tar:///home/moolen/tmp/npm-4644-IzxiQ1wl/1416385615779-0.5104970261454582/package
51 silly lockFile 837b0b1c-15779-0-5104970261454582-package tar:///home/moolen/tmp/npm-4644-IzxiQ1wl/1416385615779-0.5104970261454582/package
52 silly lockFile 29ca3f95--npm-grunt-acf-0-1-4-package-tgz tar:///home/moolen/.npm/grunt-acf/0.1.4/package.tgz
53 silly lockFile 29ca3f95--npm-grunt-acf-0-1-4-package-tgz tar:///home/moolen/.npm/grunt-acf/0.1.4/package.tgz
54 silly lockFile 522bd265-olen-npm-grunt-acf-0-1-4-package /home/moolen/.npm/grunt-acf/0.1.4/package
55 verbose lock /home/moolen/.npm/grunt-acf/0.1.4/package /home/moolen/.npm/522bd265-olen-npm-grunt-acf-0-1-4-package.lock
56 silly lockFile 522bd265-olen-npm-grunt-acf-0-1-4-package /home/moolen/.npm/grunt-acf/0.1.4/package
57 silly lockFile 522bd265-olen-npm-grunt-acf-0-1-4-package /home/moolen/.npm/grunt-acf/0.1.4/package
58 verbose tar unpack /home/moolen/.npm/grunt-acf/0.1.4/package.tgz
59 silly lockFile bc62e911-olen-npm-grunt-acf-0-1-4-package tar:///home/moolen/.npm/grunt-acf/0.1.4/package
60 verbose lock tar:///home/moolen/.npm/grunt-acf/0.1.4/package /home/moolen/.npm/bc62e911-olen-npm-grunt-acf-0-1-4-package.lock
61 silly lockFile 29ca3f95--npm-grunt-acf-0-1-4-package-tgz tar:///home/moolen/.npm/grunt-acf/0.1.4/package.tgz
62 verbose lock tar:///home/moolen/.npm/grunt-acf/0.1.4/package.tgz /home/moolen/.npm/29ca3f95--npm-grunt-acf-0-1-4-package-tgz.lock
63 silly gunzTarPerm modes [ '755', '644' ]
64 silly gunzTarPerm extractEntry package.json
65 silly gunzTarPerm extractEntry .npmignore
66 silly gunzTarPerm extractEntry README.md
67 silly gunzTarPerm extractEntry LICENSE.txt
68 silly gunzTarPerm extractEntry tasks/acf.js
69 silly gunzTarPerm extractEntry tasks/lib/routes.js
70 silly lockFile bc62e911-olen-npm-grunt-acf-0-1-4-package tar:///home/moolen/.npm/grunt-acf/0.1.4/package
71 silly lockFile bc62e911-olen-npm-grunt-acf-0-1-4-package tar:///home/moolen/.npm/grunt-acf/0.1.4/package
72 silly lockFile 29ca3f95--npm-grunt-acf-0-1-4-package-tgz tar:///home/moolen/.npm/grunt-acf/0.1.4/package.tgz
73 silly lockFile 29ca3f95--npm-grunt-acf-0-1-4-package-tgz tar:///home/moolen/.npm/grunt-acf/0.1.4/package.tgz
74 verbose chmod /home/moolen/.npm/grunt-acf/0.1.4/package.tgz 644
75 verbose chown /home/moolen/.npm/grunt-acf/0.1.4/package.tgz [ 1000, 1000 ]
76 silly lockFile 3a52ce78- .
77 silly lockFile 3a52ce78- .
78 silly publish { name: 'grunt-acf',
78 silly publish   description: 'exports Advanced Custom Fields to PHP',
78 silly publish   version: '0.1.4',
78 silly publish   homepage: 'https://github.com/SOPG/grunt-acf',
78 silly publish   author: { name: 'Moritz Beller' },
78 silly publish   repository: { type: 'git', url: 'git://github.com/SOPG/grunt-acf' },
78 silly publish   bugs: { url: 'https://github.com/SOPG/grunt-acf/issues' },
78 silly publish   licenses:
78 silly publish    [ { type: 'MIT',
78 silly publish        url: 'https://github.com/SOPG/grunt-acf/blob/master/LICENSE.txt' } ],
78 silly publish   main: 'Gruntfile.js',
78 silly publish   engines: { node: '>= 0.8.0' },
78 silly publish   dependencies: { superagent: '', q: '', cheerio: '' },
78 silly publish   peerDependencies: { grunt: '~0.4.0' },
78 silly publish   keywords: [ 'gruntplugin', 'wordpress', 'acf', 'advanced custom fields' ],
78 silly publish   readmeFilename: 'README.md',
78 silly publish   readme: '# grunt-acf\n\n> Exports [AdvancedCustomFields](http://www.advancedcustomfields.com/) to PHP. Grunt acts like a headless browser to fetch the export code and puts it into your destination file. Now also supports ACF 5.0 and higher.\n\n## Getting Started\nThis plugin requires Grunt `~0.4.0`\n\nIf you haven\'t used [Grunt](http://gruntjs.com/) before, be sure to check out the [Getting Started](http://gruntjs.com/getting-started) guide, as it explains how to create a [Gruntfile](http://gruntjs.com/sample-gruntfile) as well as install and use Grunt plugins. Once you\'re familiar with that process, you may install this plugin with this command:\n\n```shell\nnpm install grunt-acf --save-dev\n```\n\nOnce the plugin has been installed, it may be enabled inside your Gruntfile with this line of JavaScript:\n\n```js\ngrunt.loadNpmTasks(\'grunt-acf\');\n```\n\n## acf task\n_Run this task with the `grunt acf` command._\n\nTask targets, files and options may be specified according to the grunt [Configuring tasks](http://gruntjs.com/configuring-tasks) guide.\n### Options\n\n#### baseUrl\nType: `String`\ndefault: `undefined`\n\nThis is your projects local URL. We need this to login.\n\n#### user \nType: `String`\ndefault `undefined`\n\nThis is your wordpress user. It should have access to the ACF-Admin panel. \n\n#### password\nType: `String`\ndefault `undefined`\n\nThis is the password for you wordpress user.\n\n#### addons\nType: `Object`\ndefault `false`\n\nWhether we\'d like to enable loading the plugins automatically.\n\n#### dest\nType: `String`\ndefault `none`\n\nThe Path to your export file\n\n#### condition\nType: `String`\ndefault `none`\n\nYou can add extra-loading logic to your Export file. It has to be valid PHP and it will be rendered inside the if brackets like so: `if( <condition>){ [..ACF Fields..] }`\n\n```js\noptions: {\n\tbaseUrl: \'myproject.dev\',\n\tuser: \'wpAdminUser\',\n\tpassword: \'wpAdminPW123!!11\',\n\tcondition: "defined(\'APPLICATION_MODE\') && APPLICATION_MODE === \'live\'",\n\taddons: {\n\t\trepeater: true,\n\t\tgallery: true,\n\t\tflexible: true,\n\t\toptions: true,\n\t}\n},\ndest: \'path/to/my/acf-export.php\'\n```',
78 silly publish   _id: 'grunt-acf@0.1.4',
78 silly publish   dist: { shasum: 'd422b7cda91e387a1a6370f109aca3f9fcc15df7' },
78 silly publish   _from: '.' }
79 verbose url raw grunt-acf
80 verbose url resolving [ 'https://registry.npmjs.org/', './grunt-acf' ]
81 verbose url resolved https://registry.npmjs.org/grunt-acf
82 info trying registry request attempt 1 at 09:26:55
83 http PUT https://registry.npmjs.org/grunt-acf
84 http 403 https://registry.npmjs.org/grunt-acf
85 info trying registry request attempt 1 at 09:26:57
86 http PUT https://registry.npmjs.org/grunt-acf
87 http 201 https://registry.npmjs.org/grunt-acf
88 verbose url raw grunt-acf
89 verbose url resolving [ 'https://registry.npmjs.org/', './grunt-acf' ]
90 verbose url resolved https://registry.npmjs.org/grunt-acf
91 info trying registry request attempt 1 at 09:26:57
92 http GET https://registry.npmjs.org/grunt-acf
93 http 200 https://registry.npmjs.org/grunt-acf
94 error publish fail Cannot publish over existing version.
94 error publish fail Update the 'version' field in package.json and try again.
94 error publish fail
94 error publish fail If the previous version was published in error, see:
94 error publish fail     npm help unpublish
94 error publish fail
94 error publish fail To automatically increment version numbers, see:
94 error publish fail     npm help version
95 error System Linux 3.13.0-39-generic
96 error command "/usr/bin/nodejs" "/usr/bin/npm" "publish"
97 error cwd /home/moolen/projekte/grunt-acf
98 error node -v v0.10.25
99 error npm -v 1.3.10
100 error code EPUBLISHCONFLICT
101 verbose exit [ 1, true ]
